<?xml version="1.0" encoding="UTF-8"?>
<!-- Generated by org.testng.reporters.JUnitReportReporter -->
<testsuite hostname="ATOM" name="com.glx.Ambuj.DemoTest" tests="1" failures="0" timestamp="11 Oct 2016 17:48:01 GMT" time="0.015" errors="0">
  <testcase name="jenkinstest" time="0.015" classname="com.glx.Ambuj.DemoTest"/>
</testsuite> <!-- com.glx.Ambuj.DemoTest -->
