<?xml version="1.0" encoding="UTF-8"?>
<!-- Generated by org.testng.reporters.JUnitReportReporter -->
<testsuite hostname="ATOM" name="com.glx.Ambuj.DemoTest" tests="1" failures="0" timestamp="12 Oct 2016 04:49:52 GMT" time="0.021" errors="0">
  <testcase name="jenkinstest" time="0.021" classname="com.glx.Ambuj.DemoTest"/>
</testsuite> <!-- com.glx.Ambuj.DemoTest -->
